# JRE version: OpenJDK Runtime Environment (20.0.1+9) (build 20.0.1+9-29)
# Java VM: OpenJDK 64-Bit Server VM (20.0.1+9-29, mixed mode, sharing, tiered, compressed oops, compressed class ptrs, g1 gc, windows-amd64)
GC Precious Log:
 CardTable entry size: 512
 Card Set container configuration: InlinePtr #cards 4 size 8 Array Of Cards #cards 16 size 48 Howl #buckets 8 coarsen threshold 3686 Howl Bitmap #cards 512 size 80 coarsen threshold 460 Card regions per heap region 1 cards per card region 4096
 CPUs: 8 total, 8 available
 Memory: 16254M
 Large Page Support: Disabled
 NUMA Support: Disabled
 Compressed Oops: Enabled (Zero based)
 Heap Region Size: 2M
 Heap Min Capacity: 8M
 Heap Initial Capacity: 254M
 Heap Max Capacity: 4064M
 Pre-touch: Disabled
 Parallel Workers: 8
 Concurrent Workers: 2
 Concurrent Refinement Workers: 8
 Periodic GC: Disabled
Heap:
 garbage-first heap   total 55296K, used 27365K [0x0000000702000000, 0x0000000800000000)
  region size 2048K, 7 young (14336K), 2 survivors (4096K)
 Metaspace       used 26280K, committed 26688K, reserved 1114112K
  class space    used 3448K, committed 3648K, reserved 1048576K
GC Heap History (8 events):
Event: 0.889 GC heap before
{Heap before GC invocations=0 (full 0):
 garbage-first heap   total 260096K, used 20480K [0x0000000702000000, 0x0000000800000000)
  region size 2048K, 11 young (22528K), 0 survivors (0K)
 Metaspace       used 5120K, committed 5376K, reserved 1114112K
  class space    used 594K, committed 704K, reserved 1048576K
}
Event: 0.892 GC heap after
{Heap after GC invocations=1 (full 0):
 garbage-first heap   total 260096K, used 2921K [0x0000000702000000, 0x0000000800000000)
  region size 2048K, 2 young (4096K), 2 survivors (4096K)
 Metaspace       used 5120K, committed 5376K, reserved 1114112K
  class space    used 594K, committed 704K, reserved 1048576K
}
Event: 6.012 GC heap before
{Heap before GC invocations=1 (full 0):
 garbage-first heap   total 260096K, used 39785K [0x0000000702000000, 0x0000000800000000)
  region size 2048K, 20 young (40960K), 2 survivors (4096K)
 Metaspace       used 15582K, committed 16000K, reserved 1114112K
  class space    used 2037K, committed 2240K, reserved 1048576K
}
Event: 6.022 GC heap after
{Heap after GC invocations=2 (full 0):
 garbage-first heap   total 260096K, used 10304K [0x0000000702000000, 0x0000000800000000)
  region size 2048K, 3 young (6144K), 3 survivors (6144K)
 Metaspace       used 15582K, committed 16000K, reserved 1114112K
  class space    used 2037K, committed 2240K, reserved 1048576K
}
Event: 6.484 GC heap before
{Heap before GC invocations=2 (full 0):
 garbage-first heap   total 260096K, used 18496K [0x0000000702000000, 0x0000000800000000)
  region size 2048K, 8 young (16384K), 3 survivors (6144K)
 Metaspace       used 21170K, committed 21504K, reserved 1114112K
  class space    used 2680K, committed 2880K, reserved 1048576K
}
Event: 6.490 GC heap after
{Heap after GC invocations=3 (full 0):
 garbage-first heap   total 260096K, used 12352K [0x0000000702000000, 0x0000000800000000)
  region size 2048K, 4 young (8192K), 4 survivors (8192K)
 Metaspace       used 21170K, committed 21504K, reserved 1114112K
  class space    used 2680K, committed 2880K, reserved 1048576K
}
Event: 7.166 GC heap before
{Heap before GC invocations=4 (full 0):
 garbage-first heap   total 55296K, used 34880K [0x0000000702000000, 0x0000000800000000)
  region size 2048K, 16 young (32768K), 4 survivors (8192K)
 Metaspace       used 25259K, committed 25664K, reserved 1114112K
  class space    used 3381K, committed 3584K, reserved 1048576K
}
Event: 7.178 GC heap after
{Heap after GC invocations=5 (full 0):
 garbage-first heap   total 55296K, used 17125K [0x0000000702000000, 0x0000000800000000)
  region size 2048K, 2 young (4096K), 2 survivors (4096K)
 Metaspace       used 25259K, committed 25664K, reserved 1114112K
  class space    used 3381K, committed 3584K, reserved 1048576K
}

