# JRE version: OpenJDK Runtime Environment (20.0.1+9) (build 20.0.1+9-29)
# Java VM: OpenJDK 64-Bit Server VM (20.0.1+9-29, mixed mode, sharing, tiered, compressed oops, compressed class ptrs, g1 gc, windows-amd64)
GC Precious Log:
 CardTable entry size: 512
 Card Set container configuration: InlinePtr #cards 4 size 8 Array Of Cards #cards 16 size 48 Howl #buckets 8 coarsen threshold 3686 Howl Bitmap #cards 512 size 80 coarsen threshold 460 Card regions per heap region 1 cards per card region 4096
 CPUs: 8 total, 8 available
 Memory: 16254M
 Large Page Support: Disabled
 NUMA Support: Disabled
 Compressed Oops: Enabled (Zero based)
 Heap Region Size: 2M
 Heap Min Capacity: 8M
 Heap Initial Capacity: 254M
 Heap Max Capacity: 4064M
 Pre-touch: Disabled
 Parallel Workers: 8
 Concurrent Workers: 2
 Concurrent Refinement Workers: 8
 Periodic GC: Disabled
Heap:
 garbage-first heap   total 55296K, used 40224K [0x0000000702000000, 0x0000000800000000)
  region size 2048K, 13 young (26624K), 2 survivors (4096K)
 Metaspace       used 27102K, committed 27456K, reserved 1114112K
  class space    used 3490K, committed 3648K, reserved 1048576K
GC Heap History (8 events):
Event: 0.684 GC heap before
{Heap before GC invocations=0 (full 0):
 garbage-first heap   total 260096K, used 20480K [0x0000000702000000, 0x0000000800000000)
  region size 2048K, 11 young (22528K), 0 survivors (0K)
 Metaspace       used 5117K, committed 5376K, reserved 1114112K
  class space    used 594K, committed 704K, reserved 1048576K
}
Event: 0.688 GC heap after
{Heap after GC invocations=1 (full 0):
 garbage-first heap   total 260096K, used 3081K [0x0000000702000000, 0x0000000800000000)
  region size 2048K, 2 young (4096K), 2 survivors (4096K)
 Metaspace       used 5117K, committed 5376K, reserved 1114112K
  class space    used 594K, committed 704K, reserved 1048576K
}
Event: 3.829 GC heap before
{Heap before GC invocations=1 (full 0):
 garbage-first heap   total 260096K, used 41993K [0x0000000702000000, 0x0000000800000000)
  region size 2048K, 20 young (40960K), 2 survivors (4096K)
 Metaspace       used 15430K, committed 15808K, reserved 1114112K
  class space    used 2028K, committed 2240K, reserved 1048576K
}
Event: 3.836 GC heap after
{Heap after GC invocations=2 (full 0):
 garbage-first heap   total 260096K, used 10514K [0x0000000702000000, 0x0000000800000000)
  region size 2048K, 3 young (6144K), 3 survivors (6144K)
 Metaspace       used 15430K, committed 15808K, reserved 1114112K
  class space    used 2028K, committed 2240K, reserved 1048576K
}
Event: 4.229 GC heap before
{Heap before GC invocations=2 (full 0):
 garbage-first heap   total 260096K, used 18706K [0x0000000702000000, 0x0000000800000000)
  region size 2048K, 8 young (16384K), 3 survivors (6144K)
 Metaspace       used 21122K, committed 21504K, reserved 1114112K
  class space    used 2683K, committed 2880K, reserved 1048576K
}
Event: 4.235 GC heap after
{Heap after GC invocations=3 (full 0):
 garbage-first heap   total 260096K, used 12426K [0x0000000702000000, 0x0000000800000000)
  region size 2048K, 4 young (8192K), 4 survivors (8192K)
 Metaspace       used 21122K, committed 21504K, reserved 1114112K
  class space    used 2683K, committed 2880K, reserved 1048576K
}
Event: 4.802 GC heap before
{Heap before GC invocations=4 (full 0):
 garbage-first heap   total 55296K, used 37002K [0x0000000702000000, 0x0000000800000000)
  region size 2048K, 16 young (32768K), 4 survivors (8192K)
 Metaspace       used 25324K, committed 25728K, reserved 1114112K
  class space    used 3381K, committed 3520K, reserved 1048576K
}
Event: 4.816 GC heap after
{Heap after GC invocations=5 (full 0):
 garbage-first heap   total 55296K, used 17696K [0x0000000702000000, 0x0000000800000000)
  region size 2048K, 2 young (4096K), 2 survivors (4096K)
 Metaspace       used 25324K, committed 25728K, reserved 1114112K
  class space    used 3381K, committed 3520K, reserved 1048576K
}

