# JRE version: OpenJDK Runtime Environment (20.0.1+9) (build 20.0.1+9-29)
# Java VM: OpenJDK 64-Bit Server VM (20.0.1+9-29, mixed mode, sharing, tiered, compressed oops, compressed class ptrs, g1 gc, windows-amd64)
GC Precious Log:
 CardTable entry size: 512
 Card Set container configuration: InlinePtr #cards 4 size 8 Array Of Cards #cards 16 size 48 Howl #buckets 8 coarsen threshold 3686 Howl Bitmap #cards 512 size 80 coarsen threshold 460 Card regions per heap region 1 cards per card region 4096
 CPUs: 8 total, 8 available
 Memory: 16254M
 Large Page Support: Disabled
 NUMA Support: Disabled
 Compressed Oops: Enabled (Zero based)
 Heap Region Size: 2M
 Heap Min Capacity: 8M
 Heap Initial Capacity: 254M
 Heap Max Capacity: 4064M
 Pre-touch: Disabled
 Parallel Workers: 8
 Concurrent Workers: 2
 Concurrent Refinement Workers: 8
 Periodic GC: Disabled
Heap:
 garbage-first heap   total 55296K, used 15582K [0x0000000702000000, 0x0000000800000000)
  region size 2048K, 3 young (6144K), 2 survivors (4096K)
 Metaspace       used 25916K, committed 26304K, reserved 1114112K
  class space    used 3406K, committed 3584K, reserved 1048576K
GC Heap History (8 events):
Event: 0.876 GC heap before
{Heap before GC invocations=0 (full 0):
 garbage-first heap   total 260096K, used 20480K [0x0000000702000000, 0x0000000800000000)
  region size 2048K, 11 young (22528K), 0 survivors (0K)
 Metaspace       used 5240K, committed 5440K, reserved 1114112K
  class space    used 607K, committed 704K, reserved 1048576K
}
Event: 0.879 GC heap after
{Heap after GC invocations=1 (full 0):
 garbage-first heap   total 260096K, used 2909K [0x0000000702000000, 0x0000000800000000)
  region size 2048K, 2 young (4096K), 2 survivors (4096K)
 Metaspace       used 5240K, committed 5440K, reserved 1114112K
  class space    used 607K, committed 704K, reserved 1048576K
}
Event: 3.950 GC heap before
{Heap before GC invocations=1 (full 0):
 garbage-first heap   total 260096K, used 39773K [0x0000000702000000, 0x0000000800000000)
  region size 2048K, 20 young (40960K), 2 survivors (4096K)
 Metaspace       used 15686K, committed 16064K, reserved 1114112K
  class space    used 2059K, committed 2240K, reserved 1048576K
}
Event: 3.958 GC heap after
{Heap after GC invocations=2 (full 0):
 garbage-first heap   total 260096K, used 10337K [0x0000000702000000, 0x0000000800000000)
  region size 2048K, 3 young (6144K), 3 survivors (6144K)
 Metaspace       used 15686K, committed 16064K, reserved 1114112K
  class space    used 2059K, committed 2240K, reserved 1048576K
}
Event: 4.381 GC heap before
{Heap before GC invocations=2 (full 0):
 garbage-first heap   total 260096K, used 18529K [0x0000000702000000, 0x0000000800000000)
  region size 2048K, 8 young (16384K), 3 survivors (6144K)
 Metaspace       used 21116K, committed 21504K, reserved 1114112K
  class space    used 2683K, committed 2880K, reserved 1048576K
}
Event: 4.389 GC heap after
{Heap after GC invocations=3 (full 0):
 garbage-first heap   total 260096K, used 12495K [0x0000000702000000, 0x0000000800000000)
  region size 2048K, 3 young (6144K), 3 survivors (6144K)
 Metaspace       used 21116K, committed 21504K, reserved 1114112K
  class space    used 2683K, committed 2880K, reserved 1048576K
}
Event: 609.331 GC heap before
{Heap before GC invocations=4 (full 0):
 garbage-first heap   total 55296K, used 39119K [0x0000000702000000, 0x0000000800000000)
  region size 2048K, 16 young (32768K), 3 survivors (6144K)
 Metaspace       used 25887K, committed 26304K, reserved 1114112K
  class space    used 3402K, committed 3584K, reserved 1048576K
}
Event: 609.340 GC heap after
{Heap after GC invocations=5 (full 0):
 garbage-first heap   total 55296K, used 15582K [0x0000000702000000, 0x0000000800000000)
  region size 2048K, 2 young (4096K), 2 survivors (4096K)
 Metaspace       used 25887K, committed 26304K, reserved 1114112K
  class space    used 3402K, committed 3584K, reserved 1048576K
}

