# JRE version: OpenJDK Runtime Environment (20.0.1+9) (build 20.0.1+9-29)
# Java VM: OpenJDK 64-Bit Server VM (20.0.1+9-29, mixed mode, sharing, tiered, compressed oops, compressed class ptrs, g1 gc, windows-amd64)
GC Precious Log:
 CardTable entry size: 512
 Card Set container configuration: InlinePtr #cards 4 size 8 Array Of Cards #cards 16 size 48 Howl #buckets 8 coarsen threshold 3686 Howl Bitmap #cards 512 size 80 coarsen threshold 460 Card regions per heap region 1 cards per card region 4096
 CPUs: 8 total, 8 available
 Memory: 16254M
 Large Page Support: Disabled
 NUMA Support: Disabled
 Compressed Oops: Enabled (Zero based)
 Heap Region Size: 2M
 Heap Min Capacity: 8M
 Heap Initial Capacity: 254M
 Heap Max Capacity: 4064M
 Pre-touch: Disabled
 Parallel Workers: 8
 Concurrent Workers: 2
 Concurrent Refinement Workers: 8
 Periodic GC: Disabled
Heap:
 garbage-first heap   total 55296K, used 26978K [0x0000000702000000, 0x0000000800000000)
  region size 2048K, 5 young (10240K), 2 survivors (4096K)
 Metaspace       used 27187K, committed 27520K, reserved 1114112K
  class space    used 3499K, committed 3648K, reserved 1048576K
GC Heap History (10 events):
Event: 0.864 GC heap before
{Heap before GC invocations=0 (full 0):
 garbage-first heap   total 260096K, used 20480K [0x0000000702000000, 0x0000000800000000)
  region size 2048K, 11 young (22528K), 0 survivors (0K)
 Metaspace       used 5116K, committed 5376K, reserved 1114112K
  class space    used 594K, committed 704K, reserved 1048576K
}
Event: 0.867 GC heap after
{Heap after GC invocations=1 (full 0):
 garbage-first heap   total 260096K, used 2980K [0x0000000702000000, 0x0000000800000000)
  region size 2048K, 2 young (4096K), 2 survivors (4096K)
 Metaspace       used 5116K, committed 5376K, reserved 1114112K
  class space    used 594K, committed 704K, reserved 1048576K
}
Event: 5.423 GC heap before
{Heap before GC invocations=1 (full 0):
 garbage-first heap   total 260096K, used 39844K [0x0000000702000000, 0x0000000800000000)
  region size 2048K, 20 young (40960K), 2 survivors (4096K)
 Metaspace       used 15749K, committed 16128K, reserved 1114112K
  class space    used 2054K, committed 2240K, reserved 1048576K
}
Event: 5.433 GC heap after
{Heap after GC invocations=2 (full 0):
 garbage-first heap   total 260096K, used 10353K [0x0000000702000000, 0x0000000800000000)
  region size 2048K, 3 young (6144K), 3 survivors (6144K)
 Metaspace       used 15749K, committed 16128K, reserved 1114112K
  class space    used 2054K, committed 2240K, reserved 1048576K
}
Event: 5.841 GC heap before
{Heap before GC invocations=2 (full 0):
 garbage-first heap   total 260096K, used 18545K [0x0000000702000000, 0x0000000800000000)
  region size 2048K, 8 young (16384K), 3 survivors (6144K)
 Metaspace       used 21152K, committed 21504K, reserved 1114112K
  class space    used 2677K, committed 2816K, reserved 1048576K
}
Event: 5.846 GC heap after
{Heap after GC invocations=3 (full 0):
 garbage-first heap   total 260096K, used 12179K [0x0000000702000000, 0x0000000800000000)
  region size 2048K, 4 young (8192K), 4 survivors (8192K)
 Metaspace       used 21152K, committed 21504K, reserved 1114112K
  class space    used 2677K, committed 2816K, reserved 1048576K
}
Event: 6.473 GC heap before
{Heap before GC invocations=4 (full 0):
 garbage-first heap   total 55296K, used 36755K [0x0000000702000000, 0x0000000800000000)
  region size 2048K, 16 young (32768K), 4 survivors (8192K)
 Metaspace       used 25294K, committed 25664K, reserved 1114112K
  class space    used 3379K, committed 3584K, reserved 1048576K
}
Event: 6.488 GC heap after
{Heap after GC invocations=5 (full 0):
 garbage-first heap   total 55296K, used 17381K [0x0000000702000000, 0x0000000800000000)
  region size 2048K, 2 young (4096K), 2 survivors (4096K)
 Metaspace       used 25294K, committed 25664K, reserved 1114112K
  class space    used 3379K, committed 3584K, reserved 1048576K
}
Event: 257.294 GC heap before
{Heap before GC invocations=5 (full 0):
 garbage-first heap   total 55296K, used 41957K [0x0000000702000000, 0x0000000800000000)
  region size 2048K, 13 young (26624K), 2 survivors (4096K)
 Metaspace       used 27146K, committed 27520K, reserved 1114112K
  class space    used 3498K, committed 3648K, reserved 1048576K
}
Event: 257.301 GC heap after
{Heap after GC invocations=6 (full 0):
 garbage-first heap   total 55296K, used 22882K [0x0000000702000000, 0x0000000800000000)
  region size 2048K, 2 young (4096K), 2 survivors (4096K)
 Metaspace       used 27146K, committed 27520K, reserved 1114112K
  class space    used 3498K, committed 3648K, reserved 1048576K
}

