# JRE version: OpenJDK Runtime Environment (20.0.1+9) (build 20.0.1+9-29)
# Java VM: OpenJDK 64-Bit Server VM (20.0.1+9-29, mixed mode, sharing, tiered, compressed oops, compressed class ptrs, g1 gc, windows-amd64)
GC Precious Log:
 CardTable entry size: 512
 Card Set container configuration: InlinePtr #cards 4 size 8 Array Of Cards #cards 16 size 48 Howl #buckets 8 coarsen threshold 3686 Howl Bitmap #cards 512 size 80 coarsen threshold 460 Card regions per heap region 1 cards per card region 4096
 CPUs: 8 total, 8 available
 Memory: 16254M
 Large Page Support: Disabled
 NUMA Support: Disabled
 Compressed Oops: Enabled (Zero based)
 Heap Region Size: 2M
 Heap Min Capacity: 8M
 Heap Initial Capacity: 254M
 Heap Max Capacity: 4064M
 Pre-touch: Disabled
 Parallel Workers: 8
 Concurrent Workers: 2
 Concurrent Refinement Workers: 8
 Periodic GC: Disabled
Heap:
 garbage-first heap   total 55296K, used 28032K [0x0000000702000000, 0x0000000800000000)
  region size 2048K, 5 young (10240K), 2 survivors (4096K)
 Metaspace       used 27483K, committed 27904K, reserved 1114112K
  class space    used 3522K, committed 3712K, reserved 1048576K
GC Heap History (10 events):
Event: 0.776 GC heap before
{Heap before GC invocations=0 (full 0):
 garbage-first heap   total 260096K, used 20480K [0x0000000702000000, 0x0000000800000000)
  region size 2048K, 11 young (22528K), 0 survivors (0K)
 Metaspace       used 5241K, committed 5440K, reserved 1114112K
  class space    used 608K, committed 704K, reserved 1048576K
}
Event: 0.780 GC heap after
{Heap after GC invocations=1 (full 0):
 garbage-first heap   total 260096K, used 2789K [0x0000000702000000, 0x0000000800000000)
  region size 2048K, 2 young (4096K), 2 survivors (4096K)
 Metaspace       used 5241K, committed 5440K, reserved 1114112K
  class space    used 608K, committed 704K, reserved 1048576K
}
Event: 4.382 GC heap before
{Heap before GC invocations=1 (full 0):
 garbage-first heap   total 260096K, used 39653K [0x0000000702000000, 0x0000000800000000)
  region size 2048K, 20 young (40960K), 2 survivors (4096K)
 Metaspace       used 15760K, committed 16192K, reserved 1114112K
  class space    used 2060K, committed 2240K, reserved 1048576K
}
Event: 4.392 GC heap after
{Heap after GC invocations=2 (full 0):
 garbage-first heap   total 260096K, used 10304K [0x0000000702000000, 0x0000000800000000)
  region size 2048K, 3 young (6144K), 3 survivors (6144K)
 Metaspace       used 15760K, committed 16192K, reserved 1114112K
  class space    used 2060K, committed 2240K, reserved 1048576K
}
Event: 4.731 GC heap before
{Heap before GC invocations=2 (full 0):
 garbage-first heap   total 260096K, used 18496K [0x0000000702000000, 0x0000000800000000)
  region size 2048K, 8 young (16384K), 3 survivors (6144K)
 Metaspace       used 21177K, committed 21504K, reserved 1114112K
  class space    used 2684K, committed 2816K, reserved 1048576K
}
Event: 4.737 GC heap after
{Heap after GC invocations=3 (full 0):
 garbage-first heap   total 260096K, used 12477K [0x0000000702000000, 0x0000000800000000)
  region size 2048K, 3 young (6144K), 3 survivors (6144K)
 Metaspace       used 21177K, committed 21504K, reserved 1114112K
  class space    used 2684K, committed 2816K, reserved 1048576K
}
Event: 5.453 GC heap before
{Heap before GC invocations=4 (full 0):
 garbage-first heap   total 55296K, used 39101K [0x0000000702000000, 0x0000000800000000)
  region size 2048K, 16 young (32768K), 3 survivors (6144K)
 Metaspace       used 25328K, committed 25728K, reserved 1114112K
  class space    used 3378K, committed 3584K, reserved 1048576K
}
Event: 5.466 GC heap after
{Heap after GC invocations=5 (full 0):
 garbage-first heap   total 55296K, used 18266K [0x0000000702000000, 0x0000000800000000)
  region size 2048K, 2 young (4096K), 2 survivors (4096K)
 Metaspace       used 25328K, committed 25728K, reserved 1114112K
  class space    used 3378K, committed 3584K, reserved 1048576K
}
Event: 209.600 GC heap before
{Heap before GC invocations=5 (full 0):
 garbage-first heap   total 55296K, used 40794K [0x0000000702000000, 0x0000000800000000)
  region size 2048K, 12 young (24576K), 2 survivors (4096K)
 Metaspace       used 27398K, committed 27776K, reserved 1114112K
  class space    used 3509K, committed 3712K, reserved 1048576K
}
Event: 209.610 GC heap after
{Heap after GC invocations=6 (full 0):
 garbage-first heap   total 55296K, used 23936K [0x0000000702000000, 0x0000000800000000)
  region size 2048K, 2 young (4096K), 2 survivors (4096K)
 Metaspace       used 27398K, committed 27776K, reserved 1114112K
  class space    used 3509K, committed 3712K, reserved 1048576K
}

