# JRE version: OpenJDK Runtime Environment (20.0.1+9) (build 20.0.1+9-29)
# Java VM: OpenJDK 64-Bit Server VM (20.0.1+9-29, mixed mode, sharing, tiered, compressed oops, compressed class ptrs, g1 gc, windows-amd64)
GC Precious Log:
 CardTable entry size: 512
 Card Set container configuration: InlinePtr #cards 4 size 8 Array Of Cards #cards 16 size 48 Howl #buckets 8 coarsen threshold 3686 Howl Bitmap #cards 512 size 80 coarsen threshold 460 Card regions per heap region 1 cards per card region 4096
 CPUs: 8 total, 8 available
 Memory: 16254M
 Large Page Support: Disabled
 NUMA Support: Disabled
 Compressed Oops: Enabled (Zero based)
 Heap Region Size: 2M
 Heap Min Capacity: 8M
 Heap Initial Capacity: 254M
 Heap Max Capacity: 4064M
 Pre-touch: Disabled
 Parallel Workers: 8
 Concurrent Workers: 2
 Concurrent Refinement Workers: 8
 Periodic GC: Disabled
Heap:
 garbage-first heap   total 55296K, used 40431K [0x0000000702000000, 0x0000000800000000)
  region size 2048K, 8 young (16384K), 2 survivors (4096K)
 Metaspace       used 27595K, committed 27968K, reserved 1114112K
  class space    used 3472K, committed 3648K, reserved 1048576K
GC Heap History (12 events):
Event: 0.750 GC heap before
{Heap before GC invocations=0 (full 0):
 garbage-first heap   total 260096K, used 20480K [0x0000000702000000, 0x0000000800000000)
  region size 2048K, 11 young (22528K), 0 survivors (0K)
 Metaspace       used 5129K, committed 5376K, reserved 1114112K
  class space    used 594K, committed 704K, reserved 1048576K
}
Event: 0.753 GC heap after
{Heap after GC invocations=1 (full 0):
 garbage-first heap   total 260096K, used 2878K [0x0000000702000000, 0x0000000800000000)
  region size 2048K, 2 young (4096K), 2 survivors (4096K)
 Metaspace       used 5129K, committed 5376K, reserved 1114112K
  class space    used 594K, committed 704K, reserved 1048576K
}
Event: 4.542 GC heap before
{Heap before GC invocations=1 (full 0):
 garbage-first heap   total 260096K, used 39742K [0x0000000702000000, 0x0000000800000000)
  region size 2048K, 20 young (40960K), 2 survivors (4096K)
 Metaspace       used 15665K, committed 16064K, reserved 1114112K
  class space    used 2053K, committed 2240K, reserved 1048576K
}
Event: 4.552 GC heap after
{Heap after GC invocations=2 (full 0):
 garbage-first heap   total 260096K, used 10691K [0x0000000702000000, 0x0000000800000000)
  region size 2048K, 3 young (6144K), 3 survivors (6144K)
 Metaspace       used 15665K, committed 16064K, reserved 1114112K
  class space    used 2053K, committed 2240K, reserved 1048576K
}
Event: 4.963 GC heap before
{Heap before GC invocations=2 (full 0):
 garbage-first heap   total 260096K, used 18883K [0x0000000702000000, 0x0000000800000000)
  region size 2048K, 8 young (16384K), 3 survivors (6144K)
 Metaspace       used 21110K, committed 21504K, reserved 1114112K
  class space    used 2680K, committed 2880K, reserved 1048576K
}
Event: 4.969 GC heap after
{Heap after GC invocations=3 (full 0):
 garbage-first heap   total 260096K, used 12256K [0x0000000702000000, 0x0000000800000000)
  region size 2048K, 4 young (8192K), 4 survivors (8192K)
 Metaspace       used 21110K, committed 21504K, reserved 1114112K
  class space    used 2680K, committed 2880K, reserved 1048576K
}
Event: 5.595 GC heap before
{Heap before GC invocations=4 (full 0):
 garbage-first heap   total 55296K, used 36832K [0x0000000702000000, 0x0000000800000000)
  region size 2048K, 16 young (32768K), 4 survivors (8192K)
 Metaspace       used 25222K, committed 25664K, reserved 1114112K
  class space    used 3379K, committed 3584K, reserved 1048576K
}
Event: 5.608 GC heap after
{Heap after GC invocations=5 (full 0):
 garbage-first heap   total 55296K, used 17644K [0x0000000702000000, 0x0000000800000000)
  region size 2048K, 2 young (4096K), 2 survivors (4096K)
 Metaspace       used 25222K, committed 25664K, reserved 1114112K
  class space    used 3379K, committed 3584K, reserved 1048576K
}
Event: 56.509 GC heap before
{Heap before GC invocations=5 (full 0):
 garbage-first heap   total 55296K, used 40172K [0x0000000702000000, 0x0000000800000000)
  region size 2048K, 13 young (26624K), 2 survivors (4096K)
 Metaspace       used 26949K, committed 27328K, reserved 1114112K
  class space    used 3463K, committed 3648K, reserved 1048576K
}
Event: 56.522 GC heap after
{Heap after GC invocations=6 (full 0):
 garbage-first heap   total 55296K, used 25724K [0x0000000702000000, 0x0000000800000000)
  region size 2048K, 2 young (4096K), 2 survivors (4096K)
 Metaspace       used 26949K, committed 27328K, reserved 1114112K
  class space    used 3463K, committed 3648K, reserved 1048576K
}
Event: 227.913 GC heap before
{Heap before GC invocations=6 (full 0):
 garbage-first heap   total 55296K, used 42108K [0x0000000702000000, 0x0000000800000000)
  region size 2048K, 10 young (20480K), 2 survivors (4096K)
 Metaspace       used 27470K, committed 27904K, reserved 1114112K
  class space    used 3470K, committed 3648K, reserved 1048576K
}
Event: 227.920 GC heap after
{Heap after GC invocations=7 (full 0):
 garbage-first heap   total 55296K, used 30191K [0x0000000702000000, 0x0000000800000000)
  region size 2048K, 2 young (4096K), 2 survivors (4096K)
 Metaspace       used 27470K, committed 27904K, reserved 1114112K
  class space    used 3470K, committed 3648K, reserved 1048576K
}

